16:02:34.992 [main] INFO  c.p.PioneerApplication - [logStarting,55] - Starting PioneerApplication using Java 1.8.0_201 on huangliming with PID 10984 (D:\workspace\Pioneer\target\classes started by Administrator in D:\workspace\Pioneer)
16:02:34.994 [main] INFO  c.p.PioneerApplication - [logStartupProfileInfo,641] - The following profiles are active: dev
16:02:34.998 [background-preinit] INFO  o.h.v.i.util.Version - [<clinit>,21] - HV000001: Hibernate Validator 6.2.0.Final
16:02:37.008 [main] INFO  o.a.c.h.Http11NioProtocol - [log,173] - Initializing ProtocolHandler ["http-nio-9001"]
16:02:37.009 [main] INFO  o.a.c.c.StandardService - [log,173] - Starting service [Tomcat]
16:02:37.009 [main] INFO  o.a.c.c.StandardEngine - [log,173] - Starting Servlet engine: [Apache Tomcat/9.0.56]
16:02:37.077 [main] INFO  o.a.c.c.C.[.[.[/] - [log,173] - Initializing Spring embedded WebApplicationContext
16:02:38.288 [main] INFO  c.z.h.HikariDataSource - [getConnection,110] - HikariPool-1 - Starting...
16:02:40.370 [main] INFO  o.a.c.c.StandardService - [log,173] - Stopping service [Tomcat]
16:02:52.683 [main] INFO  c.p.PioneerApplication - [logStarting,55] - Starting PioneerApplication using Java 1.8.0_201 on huangliming with PID 5312 (D:\workspace\Pioneer\target\classes started by Administrator in D:\workspace\Pioneer)
16:02:52.685 [main] INFO  c.p.PioneerApplication - [logStartupProfileInfo,641] - The following profiles are active: dev
16:02:52.689 [background-preinit] INFO  o.h.v.i.util.Version - [<clinit>,21] - HV000001: Hibernate Validator 6.2.0.Final
16:02:54.010 [main] INFO  o.a.c.h.Http11NioProtocol - [log,173] - Initializing ProtocolHandler ["http-nio-9001"]
16:02:54.011 [main] INFO  o.a.c.c.StandardService - [log,173] - Starting service [Tomcat]
16:02:54.011 [main] INFO  o.a.c.c.StandardEngine - [log,173] - Starting Servlet engine: [Apache Tomcat/9.0.56]
16:02:54.081 [main] INFO  o.a.c.c.C.[.[.[/] - [log,173] - Initializing Spring embedded WebApplicationContext
16:02:55.282 [main] INFO  c.z.h.HikariDataSource - [getConnection,110] - HikariPool-1 - Starting...
16:02:55.706 [main] INFO  c.z.h.HikariDataSource - [getConnection,123] - HikariPool-1 - Start completed.
16:02:57.738 [main] INFO  o.a.c.h.Http11NioProtocol - [log,173] - Starting ProtocolHandler ["http-nio-9001"]
16:02:57.757 [main] INFO  c.p.PioneerApplication - [logStarted,61] - Started PioneerApplication in 5.325 seconds (JVM running for 5.998)
16:02:58.321 [RMI TCP Connection(3)-192.168.0.101] INFO  o.a.c.c.C.[.[.[/] - [log,173] - Initializing Spring DispatcherServlet 'dispatcherServlet'
16:03:34.885 [schedule-pool-%d0] INFO  c.p.f.m.f.AsyncFactory - [run,51] - [127.0.0.1]内网IP[admin][Success][登陆成功]
16:06:43.007 [SpringApplicationShutdownHook] INFO  c.p.f.m.ShutdownManager - [destroy,24] - ====关闭后台任务任务线程池====
16:06:43.009 [SpringApplicationShutdownHook] INFO  c.z.h.HikariDataSource - [close,350] - HikariPool-1 - Shutdown initiated...
16:06:43.012 [SpringApplicationShutdownHook] INFO  c.z.h.HikariDataSource - [close,352] - HikariPool-1 - Shutdown completed.
16:06:46.785 [main] INFO  c.p.PioneerApplication - [logStarting,55] - Starting PioneerApplication using Java 1.8.0_201 on huangliming with PID 12784 (D:\workspace\Pioneer\target\classes started by Administrator in D:\workspace\Pioneer)
16:06:46.787 [main] INFO  c.p.PioneerApplication - [logStartupProfileInfo,641] - The following profiles are active: dev
16:06:46.788 [background-preinit] INFO  o.h.v.i.util.Version - [<clinit>,21] - HV000001: Hibernate Validator 6.2.0.Final
16:06:47.991 [main] INFO  o.a.c.h.Http11NioProtocol - [log,173] - Initializing ProtocolHandler ["http-nio-9001"]
16:06:47.991 [main] INFO  o.a.c.c.StandardService - [log,173] - Starting service [Tomcat]
16:06:47.991 [main] INFO  o.a.c.c.StandardEngine - [log,173] - Starting Servlet engine: [Apache Tomcat/9.0.56]
16:06:48.057 [main] INFO  o.a.c.c.C.[.[.[/] - [log,173] - Initializing Spring embedded WebApplicationContext
16:06:49.180 [main] INFO  c.z.h.HikariDataSource - [getConnection,110] - HikariPool-1 - Starting...
16:06:49.524 [main] INFO  c.z.h.HikariDataSource - [getConnection,123] - HikariPool-1 - Start completed.
16:06:51.342 [main] INFO  o.a.c.h.Http11NioProtocol - [log,173] - Starting ProtocolHandler ["http-nio-9001"]
16:06:51.359 [main] INFO  c.p.PioneerApplication - [logStarted,61] - Started PioneerApplication in 4.807 seconds (JVM running for 5.546)
16:06:52.045 [RMI TCP Connection(1)-192.168.0.101] INFO  o.a.c.c.C.[.[.[/] - [log,173] - Initializing Spring DispatcherServlet 'dispatcherServlet'
16:12:18.271 [SpringApplicationShutdownHook] INFO  c.p.f.m.ShutdownManager - [destroy,24] - ====关闭后台任务任务线程池====
16:12:18.274 [SpringApplicationShutdownHook] INFO  c.z.h.HikariDataSource - [close,350] - HikariPool-1 - Shutdown initiated...
16:12:18.277 [SpringApplicationShutdownHook] INFO  c.z.h.HikariDataSource - [close,352] - HikariPool-1 - Shutdown completed.
16:12:21.872 [main] INFO  c.p.PioneerApplication - [logStarting,55] - Starting PioneerApplication using Java 1.8.0_201 on huangliming with PID 14508 (D:\workspace\Pioneer\target\classes started by Administrator in D:\workspace\Pioneer)
16:12:21.874 [main] INFO  c.p.PioneerApplication - [logStartupProfileInfo,641] - The following profiles are active: dev
16:12:21.875 [background-preinit] INFO  o.h.v.i.util.Version - [<clinit>,21] - HV000001: Hibernate Validator 6.2.0.Final
16:12:23.064 [main] INFO  o.a.c.h.Http11NioProtocol - [log,173] - Initializing ProtocolHandler ["http-nio-9001"]
16:12:23.065 [main] INFO  o.a.c.c.StandardService - [log,173] - Starting service [Tomcat]
16:12:23.065 [main] INFO  o.a.c.c.StandardEngine - [log,173] - Starting Servlet engine: [Apache Tomcat/9.0.56]
16:12:23.132 [main] INFO  o.a.c.c.C.[.[.[/] - [log,173] - Initializing Spring embedded WebApplicationContext
16:12:24.314 [main] INFO  c.z.h.HikariDataSource - [getConnection,110] - HikariPool-1 - Starting...
16:12:24.677 [main] INFO  c.z.h.HikariDataSource - [getConnection,123] - HikariPool-1 - Start completed.
16:12:26.615 [main] INFO  o.a.c.h.Http11NioProtocol - [log,173] - Starting ProtocolHandler ["http-nio-9001"]
16:12:26.632 [main] INFO  c.p.PioneerApplication - [logStarted,61] - Started PioneerApplication in 4.99 seconds (JVM running for 5.65)
16:12:27.328 [RMI TCP Connection(3)-192.168.0.101] INFO  o.a.c.c.C.[.[.[/] - [log,173] - Initializing Spring DispatcherServlet 'dispatcherServlet'
16:16:05.762 [SpringApplicationShutdownHook] INFO  c.p.f.m.ShutdownManager - [destroy,24] - ====关闭后台任务任务线程池====
16:16:05.765 [SpringApplicationShutdownHook] INFO  c.z.h.HikariDataSource - [close,350] - HikariPool-1 - Shutdown initiated...
16:16:05.768 [SpringApplicationShutdownHook] INFO  c.z.h.HikariDataSource - [close,352] - HikariPool-1 - Shutdown completed.
16:16:09.327 [main] INFO  c.p.PioneerApplication - [logStarting,55] - Starting PioneerApplication using Java 1.8.0_201 on huangliming with PID 8540 (D:\workspace\Pioneer\target\classes started by Administrator in D:\workspace\Pioneer)
16:16:09.329 [main] INFO  c.p.PioneerApplication - [logStartupProfileInfo,641] - The following profiles are active: dev
16:16:09.331 [background-preinit] INFO  o.h.v.i.util.Version - [<clinit>,21] - HV000001: Hibernate Validator 6.2.0.Final
16:16:10.543 [main] INFO  o.a.c.h.Http11NioProtocol - [log,173] - Initializing ProtocolHandler ["http-nio-9001"]
16:16:10.544 [main] INFO  o.a.c.c.StandardService - [log,173] - Starting service [Tomcat]
16:16:10.544 [main] INFO  o.a.c.c.StandardEngine - [log,173] - Starting Servlet engine: [Apache Tomcat/9.0.56]
16:16:10.611 [main] INFO  o.a.c.c.C.[.[.[/] - [log,173] - Initializing Spring embedded WebApplicationContext
16:16:11.713 [main] INFO  c.z.h.HikariDataSource - [getConnection,110] - HikariPool-1 - Starting...
16:16:12.065 [main] INFO  c.z.h.HikariDataSource - [getConnection,123] - HikariPool-1 - Start completed.
16:16:13.886 [main] INFO  o.a.c.h.Http11NioProtocol - [log,173] - Starting ProtocolHandler ["http-nio-9001"]
16:16:13.902 [main] INFO  c.p.PioneerApplication - [logStarted,61] - Started PioneerApplication in 4.813 seconds (JVM running for 5.464)
16:16:13.950 [RMI TCP Connection(1)-192.168.0.101] INFO  o.a.c.c.C.[.[.[/] - [log,173] - Initializing Spring DispatcherServlet 'dispatcherServlet'
16:17:19.272 [SpringApplicationShutdownHook] INFO  c.p.f.m.ShutdownManager - [destroy,24] - ====关闭后台任务任务线程池====
16:17:19.275 [SpringApplicationShutdownHook] INFO  c.z.h.HikariDataSource - [close,350] - HikariPool-1 - Shutdown initiated...
16:17:19.278 [SpringApplicationShutdownHook] INFO  c.z.h.HikariDataSource - [close,352] - HikariPool-1 - Shutdown completed.
